  Application.cpp
Application.obj : error LNK2019: 无法解析的外部符号 glewInit，函数 main 中引用了该符号
Application.obj : error LNK2019: 无法解析的外部符号 glfwInit，函数 main 中引用了该符号
Application.obj : error LNK2019: 无法解析的外部符号 glfwTerminate，函数 main 中引用了该符号
Application.obj : error LNK2019: 无法解析的外部符号 glfwCreateWindow，函数 main 中引用了该符号
Application.obj : error LNK2019: 无法解析的外部符号 glfwWindowShouldClose，函数 main 中引用了该符号
Application.obj : error LNK2019: 无法解析的外部符号 glfwPollEvents，函数 main 中引用了该符号
Application.obj : error LNK2019: 无法解析的外部符号 glfwMakeContextCurrent，函数 main 中引用了该符号
Application.obj : error LNK2019: 无法解析的外部符号 glfwSwapBuffers，函数 main 中引用了该符号
Application.obj : error LNK2001: 无法解析的外部符号 __glewBindBuffer
Application.obj : error LNK2001: 无法解析的外部符号 __glewBufferData
Application.obj : error LNK2001: 无法解析的外部符号 __glewGenBuffers
Application.obj : error LNK2001: 无法解析的外部符号 __glewAttachShader
Application.obj : error LNK2001: 无法解析的外部符号 __glewCompileShader
Application.obj : error LNK2001: 无法解析的外部符号 __glewCreateProgram
Application.obj : error LNK2001: 无法解析的外部符号 __glewCreateShader
Application.obj : error LNK2001: 无法解析的外部符号 __glewDeleteProgram
Application.obj : error LNK2001: 无法解析的外部符号 __glewDeleteShader
Application.obj : error LNK2001: 无法解析的外部符号 __glewEnableVertexAttribArray
Application.obj : error LNK2001: 无法解析的外部符号 __glewGetShaderInfoLog
Application.obj : error LNK2001: 无法解析的外部符号 __glewGetShaderiv
Application.obj : error LNK2001: 无法解析的外部符号 __glewLinkProgram
Application.obj : error LNK2001: 无法解析的外部符号 __glewShaderSource
Application.obj : error LNK2001: 无法解析的外部符号 __glewUseProgram
Application.obj : error LNK2001: 无法解析的外部符号 __glewValidateProgram
Application.obj : error LNK2001: 无法解析的外部符号 __glewVertexAttribPointer
F:\yaner\programming\learning\OpenGL\OpenGL\Dependencies\GLEW\lib\Release\Win32\glew32s.lib : warning LNK4272: 库计算机类型“x86”与目标计算机类型“x64”冲突
F:\yaner\programming\learning\OpenGL\OpenGL\Dependencies\GLFW\lib-vc2019\glfw3.lib : warning LNK4272: 库计算机类型“x86”与目标计算机类型“x64”冲突
F:\yaner\programming\learning\OpenGL\OpenGL\x64\Debug\OpenGL.exe : fatal error LNK1120: 25 个无法解析的外部命令
